<?xml version="1.0" encoding="UTF-8"?>
<coverage generated="1769726659206" clover="3.2.0">
  <project timestamp="1769726659206" name="All files">
    <metrics statements="145" coveredstatements="131" conditionals="123" coveredconditionals="94" methods="38" coveredmethods="30" elements="306" coveredelements="255" complexity="0" loc="145" ncloc="145" packages="5" files="10" classes="10"/>
    <package name="components.motorcycles">
      <metrics statements="3" coveredstatements="3" conditionals="4" coveredconditionals="3" methods="1" coveredmethods="1"/>
      <file name="MotorcycleCard.tsx" path="C:\Users\Santiago\Documents\Proyecto Programacion 3er Semestre SA\promotors_frontend\src\components\motorcycles\MotorcycleCard.tsx">
        <metrics statements="3" coveredstatements="3" conditionals="4" coveredconditionals="3" methods="1" coveredmethods="1"/>
        <line num="2" count="1" type="stmt"/>
        <line num="8" count="1" type="stmt"/>
        <line num="9" count="10" type="stmt"/>
      </file>
    </package>
    <package name="components.ui">
      <metrics statements="49" coveredstatements="46" conditionals="54" coveredconditionals="42" methods="11" coveredmethods="8"/>
      <file name="Badge.tsx" path="C:\Users\Santiago\Documents\Proyecto Programacion 3er Semestre SA\promotors_frontend\src\components\ui\Badge.tsx">
        <metrics statements="4" coveredstatements="4" conditionals="3" coveredconditionals="0" methods="1" coveredmethods="1"/>
        <line num="10" count="1" type="stmt"/>
        <line num="16" count="3" type="stmt"/>
        <line num="25" count="3" type="stmt"/>
        <line num="30" count="3" type="stmt"/>
      </file>
      <file name="Button.tsx" path="C:\Users\Santiago\Documents\Proyecto Programacion 3er Semestre SA\promotors_frontend\src\components\ui\Button.tsx">
        <metrics statements="14" coveredstatements="14" conditionals="20" coveredconditionals="18" methods="1" coveredmethods="1"/>
        <line num="2" count="2" type="stmt"/>
        <line num="13" count="2" type="stmt"/>
        <line num="22" count="6" type="stmt"/>
        <line num="23" count="6" type="stmt"/>
        <line num="25" count="6" type="stmt"/>
        <line num="27" count="6" type="stmt"/>
        <line num="35" count="6" type="stmt"/>
        <line num="41" count="6" type="cond" truecount="1" falsecount="1"/>
        <line num="42" count="6" type="cond" truecount="2" falsecount="0"/>
        <line num="44" count="6" type="stmt"/>
        <line num="47" count="6" type="stmt"/>
        <line num="59" count="6" type="cond" truecount="4" falsecount="0"/>
        <line num="60" count="1" type="stmt"/>
        <line num="67" count="5" type="stmt"/>
      </file>
      <file name="Card.tsx" path="C:\Users\Santiago\Documents\Proyecto Programacion 3er Semestre SA\promotors_frontend\src\components\ui\Card.tsx">
        <metrics statements="11" coveredstatements="8" conditionals="8" coveredconditionals="3" methods="4" coveredmethods="1"/>
        <line num="10" count="1" type="stmt"/>
        <line num="16" count="12" type="stmt"/>
        <line num="18" count="12" type="stmt"/>
        <line num="24" count="12" type="cond" truecount="1" falsecount="1"/>
        <line num="26" count="12" type="stmt"/>
        <line num="33" count="1" type="cond" truecount="0" falsecount="1"/>
        <line num="34" count="0" type="stmt"/>
        <line num="39" count="1" type="cond" truecount="0" falsecount="1"/>
        <line num="40" count="0" type="stmt"/>
        <line num="45" count="1" type="cond" truecount="0" falsecount="1"/>
        <line num="46" count="0" type="stmt"/>
      </file>
      <file name="Input.tsx" path="C:\Users\Santiago\Documents\Proyecto Programacion 3er Semestre SA\promotors_frontend\src\components\ui\Input.tsx">
        <metrics statements="5" coveredstatements="5" conditionals="16" coveredconditionals="15" methods="1" coveredmethods="1"/>
        <line num="10" count="2" type="stmt"/>
        <line num="16" count="16" type="stmt"/>
        <line num="17" count="16" type="stmt"/>
        <line num="19" count="16" type="cond" truecount="2" falsecount="0"/>
        <line num="21" count="16" type="stmt"/>
      </file>
      <file name="Modal.tsx" path="C:\Users\Santiago\Documents\Proyecto Programacion 3er Semestre SA\promotors_frontend\src\components\ui\Modal.tsx">
        <metrics statements="15" coveredstatements="15" conditionals="7" coveredconditionals="6" methods="4" coveredmethods="4"/>
        <line num="1" count="1" type="stmt"/>
        <line num="2" count="1" type="stmt"/>
        <line num="12" count="1" type="stmt"/>
        <line num="21" count="5" type="stmt"/>
        <line num="22" count="5" type="stmt"/>
        <line num="23" count="1" type="cond" truecount="1" falsecount="1"/>
        <line num="26" count="5" type="cond" truecount="2" falsecount="0"/>
        <line num="27" count="4" type="stmt"/>
        <line num="28" count="4" type="stmt"/>
        <line num="31" count="5" type="stmt"/>
        <line num="32" count="5" type="stmt"/>
        <line num="33" count="5" type="stmt"/>
        <line num="37" count="5" type="cond" truecount="2" falsecount="0"/>
        <line num="39" count="4" type="stmt"/>
        <line num="46" count="4" type="stmt"/>
      </file>
    </package>
    <package name="pages.admin">
      <metrics statements="19" coveredstatements="18" conditionals="4" coveredconditionals="4" methods="4" coveredmethods="4"/>
      <file name="AdminDashboard.tsx" path="C:\Users\Santiago\Documents\Proyecto Programacion 3er Semestre SA\promotors_frontend\src\pages\admin\AdminDashboard.tsx">
        <metrics statements="19" coveredstatements="18" conditionals="4" coveredconditionals="4" methods="4" coveredmethods="4"/>
        <line num="1" count="1" type="stmt"/>
        <line num="2" count="1" type="stmt"/>
        <line num="3" count="1" type="stmt"/>
        <line num="4" count="1" type="stmt"/>
        <line num="14" count="1" type="stmt"/>
        <line num="15" count="6" type="stmt"/>
        <line num="22" count="6" type="stmt"/>
        <line num="24" count="6" type="stmt"/>
        <line num="25" count="3" type="stmt"/>
        <line num="28" count="6" type="stmt"/>
        <line num="29" count="3" type="stmt"/>
        <line num="30" count="3" type="stmt"/>
        <line num="31" count="3" type="stmt"/>
        <line num="33" count="3" type="stmt"/>
        <line num="43" count="0" type="stmt"/>
        <line num="45" count="3" type="stmt"/>
        <line num="49" count="6" type="cond" truecount="2" falsecount="0"/>
        <line num="50" count="3" type="stmt"/>
        <line num="57" count="3" type="stmt"/>
      </file>
    </package>
    <package name="pages.public">
      <metrics statements="70" coveredstatements="61" conditionals="61" coveredconditionals="45" methods="20" coveredmethods="16"/>
      <file name="Contact.tsx" path="C:\Users\Santiago\Documents\Proyecto Programacion 3er Semestre SA\promotors_frontend\src\pages\public\Contact.tsx">
        <metrics statements="23" coveredstatements="22" conditionals="8" coveredconditionals="8" methods="5" coveredmethods="4"/>
        <line num="1" count="1" type="stmt"/>
        <line num="2" count="1" type="stmt"/>
        <line num="4" count="1" type="stmt"/>
        <line num="5" count="15" type="stmt"/>
        <line num="11" count="15" type="stmt"/>
        <line num="12" count="15" type="stmt"/>
        <line num="13" count="15" type="stmt"/>
        <line num="15" count="15" type="stmt"/>
        <line num="16" count="8" type="stmt"/>
        <line num="22" count="15" type="stmt"/>
        <line num="23" count="2" type="stmt"/>
        <line num="24" count="2" type="stmt"/>
        <line num="25" count="2" type="stmt"/>
        <line num="26" count="2" type="stmt"/>
        <line num="28" count="2" type="stmt"/>
        <line num="29" count="2" type="stmt"/>
        <line num="30" count="1" type="stmt"/>
        <line num="31" count="1" type="stmt"/>
        <line num="33" count="1" type="stmt"/>
        <line num="34" count="1" type="stmt"/>
        <line num="36" count="2" type="stmt"/>
        <line num="40" count="15" type="stmt"/>
        <line num="113" count="0" type="stmt"/>
      </file>
      <file name="MotorcyclesCatalog.tsx" path="C:\Users\Santiago\Documents\Proyecto Programacion 3er Semestre SA\promotors_frontend\src\pages\public\MotorcyclesCatalog.tsx">
        <metrics statements="47" coveredstatements="39" conditionals="53" coveredconditionals="37" methods="15" coveredmethods="12"/>
        <line num="1" count="1" type="stmt"/>
        <line num="2" count="1" type="stmt"/>
        <line num="3" count="1" type="stmt"/>
        <line num="5" count="1" type="stmt"/>
        <line num="6" count="1" type="stmt"/>
        <line num="7" count="1" type="stmt"/>
        <line num="8" count="1" type="stmt"/>
        <line num="9" count="1" type="stmt"/>
        <line num="11" count="1" type="stmt"/>
        <line num="12" count="11" type="stmt"/>
        <line num="13" count="11" type="stmt"/>
        <line num="14" count="11" type="stmt"/>
        <line num="15" count="11" type="stmt"/>
        <line num="18" count="11" type="stmt"/>
        <line num="19" count="11" type="stmt"/>
        <line num="20" count="11" type="stmt"/>
        <line num="22" count="11" type="stmt"/>
        <line num="23" count="4" type="stmt"/>
        <line num="26" count="11" type="stmt"/>
        <line num="27" count="4" type="stmt"/>
        <line num="28" count="4" type="stmt"/>
        <line num="29" count="4" type="stmt"/>
        <line num="34" count="4" type="stmt"/>
        <line num="35" count="4" type="stmt"/>
        <line num="37" count="0" type="cond" truecount="0" falsecount="10"/>
        <line num="39" count="4" type="stmt"/>
        <line num="44" count="11" type="stmt"/>
        <line num="45" count="14" type="cond" truecount="4" falsecount="0"/>
        <line num="46" count="13" type="cond" truecount="2" falsecount="2"/>
        <line num="47" count="13" type="cond" truecount="6" falsecount="0"/>
        <line num="49" count="3" type="stmt"/>
        <line num="50" count="10" type="stmt"/>
        <line num="54" count="14" type="stmt"/>
        <line num="56" count="11" type="stmt"/>
        <line num="77" count="2" type="stmt"/>
        <line num="93" count="1" type="cond" truecount="1" falsecount="1"/>
        <line num="98" count="14" type="stmt"/>
        <line num="117" count="0" type="stmt"/>
        <line num="122" count="14" type="stmt"/>
        <line num="145" count="1" type="cond" truecount="3" falsecount="1"/>
        <line num="155" count="0" type="stmt"/>
        <line num="156" count="0" type="stmt"/>
        <line num="157" count="0" type="stmt"/>
        <line num="200" count="10" type="stmt"/>
        <line num="216" count="0" type="stmt"/>
        <line num="217" count="0" type="stmt"/>
        <line num="218" count="0" type="stmt"/>
      </file>
    </package>
    <package name="utils">
      <metrics statements="4" coveredstatements="3" conditionals="0" coveredconditionals="0" methods="2" coveredmethods="1"/>
      <file name="format.ts" path="C:\Users\Santiago\Documents\Proyecto Programacion 3er Semestre SA\promotors_frontend\src\utils\format.ts">
        <metrics statements="4" coveredstatements="3" conditionals="0" coveredconditionals="0" methods="2" coveredmethods="1"/>
        <line num="1" count="1" type="stmt"/>
        <line num="2" count="3" type="stmt"/>
        <line num="10" count="1" type="stmt"/>
        <line num="11" count="0" type="stmt"/>
      </file>
    </package>
  </project>
</coverage>
