{"C:\\Users\\Santiago\\Documents\\Proyecto Programacion 3er Semestre SA\\promotors_frontend\\src\\components\\motorcycles\\MotorcycleCard.tsx": {"path":"C:\\Users\\Santiago\\Documents\\Proyecto Programacion 3er Semestre SA\\promotors_frontend\\src\\components\\motorcycles\\MotorcycleCard.tsx","statementMap":{"0":{"start":{"line":8,"column":0},"end":{"line":8,"column":24}},"1":{"start":{"line":2,"column":0},"end":{"line":2,"column":40}},"2":{"start":{"line":9,"column":4},"end":{"line":55,"column":6}}},"fnMap":{"0":{"name":"MotorcycleCard","decl":{"start":{"line":8,"column":24},"end":{"line":8,"column":38}},"loc":{"start":{"line":8,"column":74},"end":{"line":56,"column":1}}}},"branchMap":{"0":{"loc":{"start":{"line":15,"column":29},"end":{"line":15,"column":101}},"type":"binary-expr","locations":[{"start":{"line":15,"column":29},"end":{"line":15,"column":50}},{"start":{"line":15,"column":54},"end":{"line":15,"column":101}}]},"1":{"loc":{"start":{"line":43,"column":25},"end":{"line":46,"column":null}},"type":"binary-expr","locations":[{"start":{"line":43,"column":25},"end":{"line":43,"column":45}},{"start":{"line":44,"column":28},"end":{"line":45,"column":null}}]}},"s":{"0":1,"1":1,"2":10},"f":{"0":10},"b":{"0":[10,10],"1":[10,0]}}
,"C:\\Users\\Santiago\\Documents\\Proyecto Programacion 3er Semestre SA\\promotors_frontend\\src\\components\\ui\\Badge.tsx": {"path":"C:\\Users\\Santiago\\Documents\\Proyecto Programacion 3er Semestre SA\\promotors_frontend\\src\\components\\ui\\Badge.tsx","statementMap":{"0":{"start":{"line":10,"column":43},"end":{"line":35,"column":1}},"1":{"start":{"line":16,"column":21},"end":{"line":23,"column":6}},"2":{"start":{"line":25,"column":18},"end":{"line":28,"column":6}},"3":{"start":{"line":30,"column":4},"end":{"line":34,"column":6}},"4":{"start":{"line":10,"column":13},"end":{"line":10,"column":43}}},"fnMap":{"0":{"name":"(anonymous_0)","decl":{"start":{"line":10,"column":43},"end":{"line":10,"column":44}},"loc":{"start":{"line":15,"column":5},"end":{"line":35,"column":1}}}},"branchMap":{"0":{"loc":{"start":{"line":12,"column":4},"end":{"line":12,"column":23}},"type":"default-arg","locations":[{"start":{"line":12,"column":14},"end":{"line":12,"column":23}}]},"1":{"loc":{"start":{"line":13,"column":4},"end":{"line":13,"column":15}},"type":"default-arg","locations":[{"start":{"line":13,"column":11},"end":{"line":13,"column":15}}]},"2":{"loc":{"start":{"line":14,"column":4},"end":{"line":14,"column":18}},"type":"default-arg","locations":[{"start":{"line":14,"column":16},"end":{"line":14,"column":18}}]}},"s":{"0":1,"1":3,"2":3,"3":3,"4":1},"f":{"0":3},"b":{"0":[0],"1":[0],"2":[0]}}
,"C:\\Users\\Santiago\\Documents\\Proyecto Programacion 3er Semestre SA\\promotors_frontend\\src\\components\\ui\\Button.tsx": {"path":"C:\\Users\\Santiago\\Documents\\Proyecto Programacion 3er Semestre SA\\promotors_frontend\\src\\components\\ui\\Button.tsx","statementMap":{"0":{"start":{"line":2,"column":0},"end":{"line":2,"column":40}},"1":{"start":{"line":13,"column":45},"end":{"line":72,"column":1}},"2":{"start":{"line":22,"column":12},"end":{"line":22,"column":null}},"3":{"start":{"line":23,"column":12},"end":{"line":24,"column":3}},"4":{"start":{"line":25,"column":23},"end":{"line":25,"column":242}},"5":{"start":{"line":27,"column":21},"end":{"line":33,"column":6}},"6":{"start":{"line":35,"column":18},"end":{"line":39,"column":6}},"7":{"start":{"line":41,"column":23},"end":{"line":41,"column":48}},"8":{"start":{"line":42,"column":25},"end":{"line":42,"column":66}},"9":{"start":{"line":44,"column":28},"end":{"line":44,"column":122}},"10":{"start":{"line":47,"column":8},"end":{"line":55,"column":null}},"11":{"start":{"line":59,"column":4},"end":{"line":65,"column":5}},"12":{"start":{"line":60,"column":8},"end":{"line":64,"column":10}},"13":{"start":{"line":67,"column":4},"end":{"line":71,"column":6}},"14":{"start":{"line":13,"column":13},"end":{"line":13,"column":45}}},"fnMap":{"0":{"name":"(anonymous_1)","decl":{"start":{"line":13,"column":45},"end":{"line":13,"column":46}},"loc":{"start":{"line":24,"column":5},"end":{"line":72,"column":1}}}},"branchMap":{"0":{"loc":{"start":{"line":15,"column":4},"end":{"line":15,"column":23}},"type":"default-arg","locations":[{"start":{"line":15,"column":14},"end":{"line":15,"column":23}}]},"1":{"loc":{"start":{"line":16,"column":4},"end":{"line":16,"column":15}},"type":"default-arg","locations":[{"start":{"line":16,"column":11},"end":{"line":16,"column":15}}]},"2":{"loc":{"start":{"line":17,"column":4},"end":{"line":17,"column":21}},"type":"default-arg","locations":[{"start":{"line":17,"column":16},"end":{"line":17,"column":21}}]},"3":{"loc":{"start":{"line":20,"column":4},"end":{"line":20,"column":21}},"type":"default-arg","locations":[{"start":{"line":20,"column":16},"end":{"line":20,"column":21}}]},"4":{"loc":{"start":{"line":21,"column":4},"end":{"line":21,"column":18}},"type":"default-arg","locations":[{"start":{"line":21,"column":16},"end":{"line":21,"column":18}}]},"5":{"loc":{"start":{"line":41,"column":23},"end":{"line":41,"column":48}},"type":"cond-expr","locations":[{"start":{"line":41,"column":35},"end":{"line":41,"column":43}},{"start":{"line":41,"column":46},"end":{"line":41,"column":48}}]},"6":{"loc":{"start":{"line":42,"column":25},"end":{"line":42,"column":66}},"type":"cond-expr","locations":[{"start":{"line":42,"column":37},"end":{"line":42,"column":61}},{"start":{"line":42,"column":64},"end":{"line":42,"column":66}}]},"7":{"loc":{"start":{"line":48,"column":13},"end":{"line":52,"column":null}},"type":"binary-expr","locations":[{"start":{"line":48,"column":13},"end":{"line":48,"column":22}},{"start":{"line":49,"column":16},"end":{"line":51,"column":null}}]},"8":{"loc":{"start":{"line":54,"column":13},"end":{"line":54,"column":71}},"type":"binary-expr","locations":[{"start":{"line":54,"column":13},"end":{"line":54,"column":23}},{"start":{"line":54,"column":27},"end":{"line":54,"column":31}},{"start":{"line":54,"column":35},"end":{"line":54,"column":71}}]},"9":{"loc":{"start":{"line":59,"column":4},"end":{"line":65,"column":5}},"type":"if","locations":[{"start":{"line":59,"column":4},"end":{"line":65,"column":5}},{"start":{},"end":{}}]},"10":{"loc":{"start":{"line":59,"column":8},"end":{"line":59,"column":23}},"type":"binary-expr","locations":[{"start":{"line":59,"column":8},"end":{"line":59,"column":10}},{"start":{"line":59,"column":14},"end":{"line":59,"column":23}}]},"11":{"loc":{"start":{"line":68,"column":54},"end":{"line":68,"column":75}},"type":"binary-expr","locations":[{"start":{"line":68,"column":54},"end":{"line":68,"column":62}},{"start":{"line":68,"column":66},"end":{"line":68,"column":75}}]}},"s":{"0":2,"1":2,"2":6,"3":6,"4":6,"5":6,"6":6,"7":6,"8":6,"9":6,"10":6,"11":6,"12":1,"13":5,"14":2},"f":{"0":6},"b":{"0":[4],"1":[5],"2":[5],"3":[6],"4":[6],"5":[0,6],"6":[1,5],"7":[6,1],"8":[6,5,0],"9":[1,5],"10":[6,1],"11":[5,5]}}
,"C:\\Users\\Santiago\\Documents\\Proyecto Programacion 3er Semestre SA\\promotors_frontend\\src\\components\\ui\\Card.tsx": {"path":"C:\\Users\\Santiago\\Documents\\Proyecto Programacion 3er Semestre SA\\promotors_frontend\\src\\components\\ui\\Card.tsx","statementMap":{"0":{"start":{"line":10,"column":41},"end":{"line":31,"column":1}},"1":{"start":{"line":16,"column":23},"end":{"line":16,"column":79}},"2":{"start":{"line":18,"column":21},"end":{"line":22,"column":6}},"3":{"start":{"line":24,"column":24},"end":{"line":24,"column":114}},"4":{"start":{"line":26,"column":4},"end":{"line":30,"column":6}},"5":{"start":{"line":10,"column":13},"end":{"line":10,"column":41}},"6":{"start":{"line":33,"column":87},"end":{"line":36,"column":null}},"7":{"start":{"line":34,"column":4},"end":{"line":35,"column":null}},"8":{"start":{"line":33,"column":13},"end":{"line":33,"column":87}},"9":{"start":{"line":39,"column":85},"end":{"line":42,"column":null}},"10":{"start":{"line":40,"column":4},"end":{"line":41,"column":null}},"11":{"start":{"line":39,"column":13},"end":{"line":39,"column":85}},"12":{"start":{"line":45,"column":87},"end":{"line":48,"column":null}},"13":{"start":{"line":46,"column":4},"end":{"line":47,"column":null}},"14":{"start":{"line":45,"column":13},"end":{"line":45,"column":87}}},"fnMap":{"0":{"name":"(anonymous_0)","decl":{"start":{"line":10,"column":41},"end":{"line":10,"column":42}},"loc":{"start":{"line":15,"column":5},"end":{"line":31,"column":1}}},"1":{"name":"(anonymous_1)","decl":{"start":{"line":33,"column":87},"end":{"line":33,"column":88}},"loc":{"start":{"line":34,"column":4},"end":{"line":35,"column":null}}},"2":{"name":"(anonymous_2)","decl":{"start":{"line":39,"column":85},"end":{"line":39,"column":86}},"loc":{"start":{"line":40,"column":4},"end":{"line":41,"column":null}}},"3":{"name":"(anonymous_3)","decl":{"start":{"line":45,"column":87},"end":{"line":45,"column":88}},"loc":{"start":{"line":46,"column":4},"end":{"line":47,"column":null}}}},"branchMap":{"0":{"loc":{"start":{"line":12,"column":4},"end":{"line":12,"column":18}},"type":"default-arg","locations":[{"start":{"line":12,"column":16},"end":{"line":12,"column":18}}]},"1":{"loc":{"start":{"line":13,"column":4},"end":{"line":13,"column":23}},"type":"default-arg","locations":[{"start":{"line":13,"column":14},"end":{"line":13,"column":23}}]},"2":{"loc":{"start":{"line":14,"column":4},"end":{"line":14,"column":17}},"type":"default-arg","locations":[{"start":{"line":14,"column":12},"end":{"line":14,"column":17}}]},"3":{"loc":{"start":{"line":24,"column":24},"end":{"line":24,"column":114}},"type":"cond-expr","locations":[{"start":{"line":24,"column":32},"end":{"line":24,"column":109}},{"start":{"line":24,"column":112},"end":{"line":24,"column":114}}]},"4":{"loc":{"start":{"line":33,"column":100},"end":{"line":33,"column":114}},"type":"default-arg","locations":[{"start":{"line":33,"column":112},"end":{"line":33,"column":114}}]},"5":{"loc":{"start":{"line":39,"column":98},"end":{"line":39,"column":112}},"type":"default-arg","locations":[{"start":{"line":39,"column":110},"end":{"line":39,"column":112}}]},"6":{"loc":{"start":{"line":45,"column":100},"end":{"line":45,"column":114}},"type":"default-arg","locations":[{"start":{"line":45,"column":112},"end":{"line":45,"column":114}}]}},"s":{"0":1,"1":12,"2":12,"3":12,"4":12,"5":1,"6":1,"7":0,"8":1,"9":1,"10":0,"11":1,"12":1,"13":0,"14":1},"f":{"0":12,"1":0,"2":0,"3":0},"b":{"0":[0],"1":[12],"2":[12],"3":[0,12],"4":[0],"5":[0],"6":[0]}}
,"C:\\Users\\Santiago\\Documents\\Proyecto Programacion 3er Semestre SA\\promotors_frontend\\src\\components\\ui\\Input.tsx": {"path":"C:\\Users\\Santiago\\Documents\\Proyecto Programacion 3er Semestre SA\\promotors_frontend\\src\\components\\ui\\Input.tsx","statementMap":{"0":{"start":{"line":10,"column":43},"end":{"line":53,"column":1}},"1":{"start":{"line":16,"column":6},"end":{"line":16,"column":null}},"2":{"start":{"line":17,"column":12},"end":{"line":18,"column":3}},"3":{"start":{"line":19,"column":20},"end":{"line":19,"column":36}},"4":{"start":{"line":21,"column":4},"end":{"line":52,"column":6}},"5":{"start":{"line":10,"column":13},"end":{"line":10,"column":43}}},"fnMap":{"0":{"name":"(anonymous_1)","decl":{"start":{"line":10,"column":43},"end":{"line":10,"column":44}},"loc":{"start":{"line":18,"column":5},"end":{"line":53,"column":1}}}},"branchMap":{"0":{"loc":{"start":{"line":14,"column":4},"end":{"line":14,"column":20}},"type":"default-arg","locations":[{"start":{"line":14,"column":16},"end":{"line":14,"column":20}}]},"1":{"loc":{"start":{"line":15,"column":4},"end":{"line":15,"column":18}},"type":"default-arg","locations":[{"start":{"line":15,"column":16},"end":{"line":15,"column":18}}]},"2":{"loc":{"start":{"line":19,"column":20},"end":{"line":19,"column":36}},"type":"binary-expr","locations":[{"start":{"line":19,"column":20},"end":{"line":19,"column":22}},{"start":{"line":19,"column":26},"end":{"line":19,"column":36}}]},"3":{"loc":{"start":{"line":22,"column":27},"end":{"line":22,"column":52}},"type":"cond-expr","locations":[{"start":{"line":22,"column":39},"end":{"line":22,"column":47}},{"start":{"line":22,"column":50},"end":{"line":22,"column":52}}]},"4":{"loc":{"start":{"line":23,"column":13},"end":{"line":26,"column":null}},"type":"binary-expr","locations":[{"start":{"line":23,"column":13},"end":{"line":23,"column":18}},{"start":{"line":24,"column":16},"end":{"line":25,"column":null}}]},"5":{"loc":{"start":{"line":29,"column":17},"end":{"line":32,"column":null}},"type":"binary-expr","locations":[{"start":{"line":29,"column":17},"end":{"line":29,"column":21}},{"start":{"line":30,"column":20},"end":{"line":31,"column":null}}]},"6":{"loc":{"start":{"line":38,"column":26},"end":{"line":38,"column":49}},"type":"cond-expr","locations":[{"start":{"line":38,"column":33},"end":{"line":38,"column":40}},{"start":{"line":38,"column":43},"end":{"line":38,"column":49}}]},"7":{"loc":{"start":{"line":43,"column":26},"end":{"line":43,"column":125}},"type":"cond-expr","locations":[{"start":{"line":43,"column":34},"end":{"line":43,"column":99}},{"start":{"line":43,"column":102},"end":{"line":43,"column":125}}]},"8":{"loc":{"start":{"line":48,"column":13},"end":{"line":49,"column":null}},"type":"binary-expr","locations":[{"start":{"line":48,"column":13},"end":{"line":48,"column":18}},{"start":{"line":49,"column":16},"end":{"line":49,"column":76}}]}},"s":{"0":2,"1":16,"2":16,"3":16,"4":16,"5":2},"f":{"0":16},"b":{"0":[16],"1":[16],"2":[16,15],"3":[16,0],"4":[16,12],"5":[16,11],"6":[11,5],"7":[1,15],"8":[16,1]}}
,"C:\\Users\\Santiago\\Documents\\Proyecto Programacion 3er Semestre SA\\promotors_frontend\\src\\components\\ui\\Modal.tsx": {"path":"C:\\Users\\Santiago\\Documents\\Proyecto Programacion 3er Semestre SA\\promotors_frontend\\src\\components\\ui\\Modal.tsx","statementMap":{"0":{"start":{"line":1,"column":0},"end":{"line":1,"column":41}},"1":{"start":{"line":2,"column":0},"end":{"line":2,"column":41}},"2":{"start":{"line":12,"column":43},"end":{"line":84,"column":1}},"3":{"start":{"line":21,"column":4},"end":{"line":35,"column":26}},"4":{"start":{"line":22,"column":29},"end":{"line":24,"column":9}},"5":{"start":{"line":23,"column":12},"end":{"line":23,"column":46}},"6":{"start":{"line":23,"column":36},"end":{"line":23,"column":46}},"7":{"start":{"line":26,"column":8},"end":{"line":29,"column":9}},"8":{"start":{"line":27,"column":12},"end":{"line":27,"column":63}},"9":{"start":{"line":28,"column":12},"end":{"line":28,"column":52}},"10":{"start":{"line":31,"column":8},"end":{"line":34,"column":10}},"11":{"start":{"line":32,"column":12},"end":{"line":32,"column":66}},"12":{"start":{"line":33,"column":12},"end":{"line":33,"column":51}},"13":{"start":{"line":37,"column":4},"end":{"line":37,"column":29}},"14":{"start":{"line":37,"column":17},"end":{"line":37,"column":29}},"15":{"start":{"line":39,"column":18},"end":{"line":44,"column":6}},"16":{"start":{"line":46,"column":4},"end":{"line":83,"column":6}},"17":{"start":{"line":12,"column":13},"end":{"line":12,"column":43}}},"fnMap":{"0":{"name":"(anonymous_0)","decl":{"start":{"line":12,"column":43},"end":{"line":12,"column":44}},"loc":{"start":{"line":18,"column":5},"end":{"line":84,"column":1}}},"1":{"name":"(anonymous_1)","decl":{"start":{"line":21,"column":14},"end":{"line":21,"column":17}},"loc":{"start":{"line":21,"column":19},"end":{"line":35,"column":5}}},"2":{"name":"(anonymous_2)","decl":{"start":{"line":22,"column":29},"end":{"line":22,"column":30}},"loc":{"start":{"line":22,"column":50},"end":{"line":24,"column":9}}},"3":{"name":"(anonymous_3)","decl":{"start":{"line":31,"column":15},"end":{"line":31,"column":18}},"loc":{"start":{"line":31,"column":20},"end":{"line":34,"column":9}}}},"branchMap":{"0":{"loc":{"start":{"line":17,"column":4},"end":{"line":17,"column":15}},"type":"default-arg","locations":[{"start":{"line":17,"column":11},"end":{"line":17,"column":15}}]},"1":{"loc":{"start":{"line":23,"column":12},"end":{"line":23,"column":46}},"type":"if","locations":[{"start":{"line":23,"column":12},"end":{"line":23,"column":46}},{"start":{},"end":{}}]},"2":{"loc":{"start":{"line":26,"column":8},"end":{"line":29,"column":9}},"type":"if","locations":[{"start":{"line":26,"column":8},"end":{"line":29,"column":9}},{"start":{},"end":{}}]},"3":{"loc":{"start":{"line":37,"column":4},"end":{"line":37,"column":29}},"type":"if","locations":[{"start":{"line":37,"column":4},"end":{"line":37,"column":29}},{"start":{},"end":{}}]}},"s":{"0":1,"1":1,"2":1,"3":5,"4":5,"5":1,"6":1,"7":5,"8":4,"9":4,"10":5,"11":5,"12":5,"13":5,"14":1,"15":4,"16":4,"17":1},"f":{"0":5,"1":5,"2":1,"3":5},"b":{"0":[5],"1":[1,0],"2":[4,1],"3":[1,4]}}
,"C:\\Users\\Santiago\\Documents\\Proyecto Programacion 3er Semestre SA\\promotors_frontend\\src\\pages\\admin\\AdminDashboard.tsx": {"path":"C:\\Users\\Santiago\\Documents\\Proyecto Programacion 3er Semestre SA\\promotors_frontend\\src\\pages\\admin\\AdminDashboard.tsx","statementMap":{"0":{"start":{"line":14,"column":0},"end":{"line":14,"column":24}},"1":{"start":{"line":1,"column":0},"end":{"line":1,"column":44}},"2":{"start":{"line":2,"column":0},"end":{"line":2,"column":40}},"3":{"start":{"line":3,"column":0},"end":{"line":3,"column":64}},"4":{"start":{"line":4,"column":0},"end":{"line":4,"column":52}},"5":{"start":{"line":15,"column":30},"end":{"line":21,"column":6}},"6":{"start":{"line":22,"column":34},"end":{"line":22,"column":48}},"7":{"start":{"line":24,"column":4},"end":{"line":26,"column":11}},"8":{"start":{"line":25,"column":8},"end":{"line":25,"column":28}},"9":{"start":{"line":28,"column":30},"end":{"line":47,"column":6}},"10":{"start":{"line":28,"column":41},"end":{"line":47,"column":6}},"11":{"start":{"line":29,"column":8},"end":{"line":46,"column":9}},"12":{"start":{"line":30,"column":12},"end":{"line":30,"column":29}},"13":{"start":{"line":31,"column":25},"end":{"line":31,"column":65}},"14":{"start":{"line":33,"column":12},"end":{"line":40,"column":15}},"15":{"start":{"line":43,"column":12},"end":{"line":43,"column":65}},"16":{"start":{"line":45,"column":12},"end":{"line":45,"column":30}},"17":{"start":{"line":49,"column":4},"end":{"line":55,"column":5}},"18":{"start":{"line":50,"column":8},"end":{"line":54,"column":10}},"19":{"start":{"line":57,"column":4},"end":{"line":166,"column":6}}},"fnMap":{"0":{"name":"AdminDashboard","decl":{"start":{"line":14,"column":24},"end":{"line":14,"column":38}},"loc":{"start":{"line":14,"column":38},"end":{"line":167,"column":1}}},"1":{"name":"(anonymous_8)","decl":{"start":{"line":24,"column":14},"end":{"line":24,"column":17}},"loc":{"start":{"line":24,"column":19},"end":{"line":26,"column":5}}},"2":{"name":"(anonymous_9)","decl":{"start":{"line":28,"column":30},"end":{"line":28,"column":39}},"loc":{"start":{"line":28,"column":41},"end":{"line":47,"column":6}}},"3":{"name":"(anonymous_10)","decl":{"start":{"line":28,"column":41},"end":{"line":28,"column":null}},"loc":{"start":{"line":28,"column":41},"end":{"line":47,"column":5}}}},"branchMap":{"0":{"loc":{"start":{"line":49,"column":4},"end":{"line":55,"column":5}},"type":"if","locations":[{"start":{"line":49,"column":4},"end":{"line":55,"column":5}},{"start":{},"end":{}}]},"1":{"loc":{"start":{"line":117,"column":80},"end":{"line":117,"column":146}},"type":"cond-expr","locations":[{"start":{"line":117,"column":108},"end":{"line":117,"column":123}},{"start":{"line":117,"column":126},"end":{"line":117,"column":146}}]}},"s":{"0":1,"1":1,"2":1,"3":1,"4":1,"5":6,"6":6,"7":6,"8":3,"9":6,"10":3,"11":3,"12":3,"13":3,"14":3,"15":0,"16":3,"17":6,"18":3,"19":3},"f":{"0":6,"1":3,"2":3,"3":3},"b":{"0":[3,3],"1":[1,2]}}
,"C:\\Users\\Santiago\\Documents\\Proyecto Programacion 3er Semestre SA\\promotors_frontend\\src\\pages\\public\\Contact.tsx": {"path":"C:\\Users\\Santiago\\Documents\\Proyecto Programacion 3er Semestre SA\\promotors_frontend\\src\\pages\\public\\Contact.tsx","statementMap":{"0":{"start":{"line":4,"column":0},"end":{"line":4,"column":24}},"1":{"start":{"line":1,"column":0},"end":{"line":1,"column":33}},"2":{"start":{"line":2,"column":0},"end":{"line":2,"column":56}},"3":{"start":{"line":5,"column":36},"end":{"line":10,"column":6}},"4":{"start":{"line":11,"column":34},"end":{"line":11,"column":49}},"5":{"start":{"line":12,"column":34},"end":{"line":12,"column":49}},"6":{"start":{"line":13,"column":30},"end":{"line":13,"column":42}},"7":{"start":{"line":15,"column":25},"end":{"line":20,"column":5}},"8":{"start":{"line":16,"column":8},"end":{"line":19,"column":11}},"9":{"start":{"line":22,"column":25},"end":{"line":38,"column":6}},"10":{"start":{"line":22,"column":54},"end":{"line":38,"column":6}},"11":{"start":{"line":23,"column":8},"end":{"line":23,"column":27}},"12":{"start":{"line":24,"column":8},"end":{"line":24,"column":25}},"13":{"start":{"line":25,"column":8},"end":{"line":25,"column":21}},"14":{"start":{"line":26,"column":8},"end":{"line":26,"column":26}},"15":{"start":{"line":28,"column":8},"end":{"line":37,"column":9}},"16":{"start":{"line":29,"column":12},"end":{"line":29,"column":50}},"17":{"start":{"line":30,"column":12},"end":{"line":30,"column":29}},"18":{"start":{"line":31,"column":12},"end":{"line":31,"column":78}},"19":{"start":{"line":33,"column":12},"end":{"line":33,"column":57}},"20":{"start":{"line":34,"column":12},"end":{"line":34,"column":90}},"21":{"start":{"line":36,"column":12},"end":{"line":36,"column":30}},"22":{"start":{"line":40,"column":4},"end":{"line":214,"column":6}},"23":{"start":{"line":113,"column":51},"end":{"line":113,"column":68}}},"fnMap":{"0":{"name":"Contact","decl":{"start":{"line":4,"column":24},"end":{"line":4,"column":31}},"loc":{"start":{"line":4,"column":31},"end":{"line":215,"column":1}}},"1":{"name":"(anonymous_8)","decl":{"start":{"line":15,"column":25},"end":{"line":15,"column":26}},"loc":{"start":{"line":15,"column":90},"end":{"line":20,"column":5}}},"2":{"name":"(anonymous_9)","decl":{"start":{"line":22,"column":25},"end":{"line":22,"column":32}},"loc":{"start":{"line":22,"column":54},"end":{"line":38,"column":6}}},"3":{"name":"(anonymous_10)","decl":{"start":{"line":22,"column":54},"end":{"line":22,"column":null}},"loc":{"start":{"line":22,"column":54},"end":{"line":38,"column":5}}},"4":{"name":"(anonymous_11)","decl":{"start":{"line":113,"column":45},"end":{"line":113,"column":48}},"loc":{"start":{"line":113,"column":51},"end":{"line":113,"column":68}}}},"branchMap":{"0":{"loc":{"start":{"line":101,"column":25},"end":{"line":208,"column":null}},"type":"cond-expr","locations":[{"start":{"line":102,"column":28},"end":{"line":117,"column":null}},{"start":{"line":120,"column":28},"end":{"line":207,"column":null}}]},"1":{"loc":{"start":{"line":185,"column":33},"end":{"line":188,"column":null}},"type":"binary-expr","locations":[{"start":{"line":185,"column":33},"end":{"line":185,"column":38}},{"start":{"line":186,"column":36},"end":{"line":187,"column":null}}]},"2":{"loc":{"start":{"line":194,"column":107},"end":{"line":194,"column":153}},"type":"cond-expr","locations":[{"start":{"line":194,"column":117},"end":{"line":194,"column":148}},{"start":{"line":194,"column":151},"end":{"line":194,"column":153}}]},"3":{"loc":{"start":{"line":196,"column":37},"end":{"line":205,"column":null}},"type":"cond-expr","locations":[{"start":{"line":197,"column":40},"end":{"line":201,"column":null}},{"start":{"line":205,"column":40},"end":{"line":205,"column":56}}]}},"s":{"0":1,"1":1,"2":1,"3":15,"4":15,"5":15,"6":15,"7":15,"8":8,"9":15,"10":2,"11":2,"12":2,"13":2,"14":2,"15":2,"16":2,"17":1,"18":1,"19":1,"20":1,"21":2,"22":15,"23":0},"f":{"0":15,"1":8,"2":2,"3":2,"4":0},"b":{"0":[1,14],"1":[14,1],"2":[2,12],"3":[2,12]}}
,"C:\\Users\\Santiago\\Documents\\Proyecto Programacion 3er Semestre SA\\promotors_frontend\\src\\pages\\public\\MotorcyclesCatalog.tsx": {"path":"C:\\Users\\Santiago\\Documents\\Proyecto Programacion 3er Semestre SA\\promotors_frontend\\src\\pages\\public\\MotorcyclesCatalog.tsx","statementMap":{"0":{"start":{"line":11,"column":0},"end":{"line":11,"column":24}},"1":{"start":{"line":1,"column":0},"end":{"line":1,"column":44}},"2":{"start":{"line":2,"column":0},"end":{"line":2,"column":68}},"3":{"start":{"line":3,"column":0},"end":{"line":3,"column":66}},"4":{"start":{"line":5,"column":0},"end":{"line":5,"column":73}},"5":{"start":{"line":6,"column":0},"end":{"line":6,"column":52}},"6":{"start":{"line":7,"column":0},"end":{"line":7,"column":50}},"7":{"start":{"line":8,"column":0},"end":{"line":8,"column":48}},"8":{"start":{"line":9,"column":0},"end":{"line":9,"column":50}},"9":{"start":{"line":12,"column":42},"end":{"line":12,"column":68}},"10":{"start":{"line":13,"column":40},"end":{"line":13,"column":64}},"11":{"start":{"line":14,"column":34},"end":{"line":14,"column":48}},"12":{"start":{"line":15,"column":30},"end":{"line":15,"column":42}},"13":{"start":{"line":18,"column":52},"end":{"line":18,"column":81}},"14":{"start":{"line":19,"column":40},"end":{"line":19,"column":52}},"15":{"start":{"line":20,"column":46},"end":{"line":20,"column":58}},"16":{"start":{"line":22,"column":4},"end":{"line":24,"column":11}},"17":{"start":{"line":23,"column":8},"end":{"line":23,"column":19}},"18":{"start":{"line":26,"column":21},"end":{"line":41,"column":6}},"19":{"start":{"line":26,"column":32},"end":{"line":41,"column":6}},"20":{"start":{"line":27,"column":8},"end":{"line":40,"column":9}},"21":{"start":{"line":28,"column":12},"end":{"line":28,"column":29}},"22":{"start":{"line":29,"column":42},"end":{"line":32,"column":14}},"23":{"start":{"line":34,"column":12},"end":{"line":34,"column":38}},"24":{"start":{"line":35,"column":12},"end":{"line":35,"column":36}},"25":{"start":{"line":37,"column":12},"end":{"line":37,"column":81}},"26":{"start":{"line":39,"column":12},"end":{"line":39,"column":30}},"27":{"start":{"line":44,"column":32},"end":{"line":51,"column":6}},"28":{"start":{"line":45,"column":8},"end":{"line":45,"column":85}},"29":{"start":{"line":45,"column":72},"end":{"line":45,"column":85}},"30":{"start":{"line":46,"column":8},"end":{"line":46,"column":100}},"31":{"start":{"line":46,"column":87},"end":{"line":46,"column":100}},"32":{"start":{"line":47,"column":8},"end":{"line":49,"column":88}},"33":{"start":{"line":49,"column":75},"end":{"line":49,"column":88}},"34":{"start":{"line":50,"column":8},"end":{"line":50,"column":20}},"35":{"start":{"line":54,"column":19},"end":{"line":54,"column":69}},"36":{"start":{"line":54,"column":59},"end":{"line":54,"column":66}},"37":{"start":{"line":56,"column":4},"end":{"line":231,"column":6}},"38":{"start":{"line":77,"column":45},"end":{"line":77,"column":74}},"39":{"start":{"line":93,"column":53},"end":{"line":93,"column":120}},"40":{"start":{"line":98,"column":40},"end":{"line":98,"column":71}},"41":{"start":{"line":117,"column":53},"end":{"line":117,"column":85}},"42":{"start":{"line":122,"column":40},"end":{"line":122,"column":60}},"43":{"start":{"line":145,"column":62},"end":{"line":145,"column":97}},"44":{"start":{"line":155,"column":36},"end":{"line":155,"column":54}},"45":{"start":{"line":156,"column":36},"end":{"line":156,"column":62}},"46":{"start":{"line":157,"column":36},"end":{"line":157,"column":57}},"47":{"start":{"line":200,"column":36},"end":{"line":200,"column":77}},"48":{"start":{"line":216,"column":40},"end":{"line":216,"column":58}},"49":{"start":{"line":217,"column":40},"end":{"line":217,"column":66}},"50":{"start":{"line":218,"column":40},"end":{"line":218,"column":61}}},"fnMap":{"0":{"name":"MotorcyclesCatalog","decl":{"start":{"line":11,"column":24},"end":{"line":11,"column":42}},"loc":{"start":{"line":11,"column":42},"end":{"line":232,"column":1}}},"1":{"name":"(anonymous_9)","decl":{"start":{"line":22,"column":14},"end":{"line":22,"column":17}},"loc":{"start":{"line":22,"column":19},"end":{"line":24,"column":5}}},"2":{"name":"(anonymous_10)","decl":{"start":{"line":26,"column":21},"end":{"line":26,"column":30}},"loc":{"start":{"line":26,"column":32},"end":{"line":41,"column":6}}},"3":{"name":"(anonymous_11)","decl":{"start":{"line":26,"column":32},"end":{"line":26,"column":null}},"loc":{"start":{"line":26,"column":32},"end":{"line":41,"column":5}}},"4":{"name":"(anonymous_12)","decl":{"start":{"line":44,"column":51},"end":{"line":44,"column":52}},"loc":{"start":{"line":44,"column":60},"end":{"line":51,"column":5}}},"5":{"name":"(anonymous_13)","decl":{"start":{"line":54,"column":54},"end":{"line":54,"column":55}},"loc":{"start":{"line":54,"column":59},"end":{"line":54,"column":66}}},"6":{"name":"(anonymous_14)","decl":{"start":{"line":77,"column":38},"end":{"line":77,"column":39}},"loc":{"start":{"line":77,"column":45},"end":{"line":77,"column":74}}},"7":{"name":"(anonymous_15)","decl":{"start":{"line":93,"column":46},"end":{"line":93,"column":47}},"loc":{"start":{"line":93,"column":53},"end":{"line":93,"column":120}}},"8":{"name":"(anonymous_16)","decl":{"start":{"line":97,"column":52},"end":{"line":97,"column":53}},"loc":{"start":{"line":98,"column":40},"end":{"line":98,"column":71}}},"9":{"name":"(anonymous_17)","decl":{"start":{"line":117,"column":46},"end":{"line":117,"column":47}},"loc":{"start":{"line":117,"column":53},"end":{"line":117,"column":85}}},"10":{"name":"(anonymous_18)","decl":{"start":{"line":121,"column":48},"end":{"line":121,"column":49}},"loc":{"start":{"line":122,"column":40},"end":{"line":122,"column":60}}},"11":{"name":"(anonymous_19)","decl":{"start":{"line":145,"column":57},"end":{"line":145,"column":58}},"loc":{"start":{"line":145,"column":62},"end":{"line":145,"column":97}}},"12":{"name":"(anonymous_20)","decl":{"start":{"line":154,"column":41},"end":{"line":154,"column":44}},"loc":{"start":{"line":154,"column":46},"end":{"line":158,"column":33}}},"13":{"name":"(anonymous_21)","decl":{"start":{"line":199,"column":57},"end":{"line":199,"column":58}},"loc":{"start":{"line":200,"column":36},"end":{"line":200,"column":77}}},"14":{"name":"(anonymous_22)","decl":{"start":{"line":215,"column":45},"end":{"line":215,"column":48}},"loc":{"start":{"line":215,"column":50},"end":{"line":219,"column":37}}}},"branchMap":{"0":{"loc":{"start":{"line":37,"column":21},"end":{"line":37,"column":79}},"type":"binary-expr","locations":[{"start":{"line":37,"column":21},"end":{"line":37,"column":48}},{"start":{"line":37,"column":52},"end":{"line":37,"column":79}}]},"1":{"loc":{"start":{"line":37,"column":21},"end":{"line":37,"column":48}},"type":"cond-expr","locations":[{"start":{"line":37,"column":39},"end":{"line":37,"column":41}},{"start":{"line":37,"column":39},"end":{"line":37,"column":48}}]},"2":{"loc":{"start":{"line":37,"column":21},"end":{"line":37,"column":41}},"type":"binary-expr","locations":[{"start":{"line":37,"column":21},"end":{"line":37,"column":41}},{"start":{"line":37,"column":39},"end":{"line":37,"column":41}}]},"3":{"loc":{"start":{"line":37,"column":21},"end":{"line":37,"column":39}},"type":"cond-expr","locations":[{"start":{"line":37,"column":33},"end":{"line":37,"column":35}},{"start":{"line":37,"column":33},"end":{"line":37,"column":39}}]},"4":{"loc":{"start":{"line":37,"column":21},"end":{"line":37,"column":35}},"type":"binary-expr","locations":[{"start":{"line":37,"column":21},"end":{"line":37,"column":35}},{"start":{"line":37,"column":33},"end":{"line":37,"column":35}}]},"5":{"loc":{"start":{"line":45,"column":8},"end":{"line":45,"column":85}},"type":"if","locations":[{"start":{"line":45,"column":8},"end":{"line":45,"column":85}},{"start":{},"end":{}}]},"6":{"loc":{"start":{"line":45,"column":12},"end":{"line":45,"column":70}},"type":"binary-expr","locations":[{"start":{"line":45,"column":12},"end":{"line":45,"column":28}},{"start":{"line":45,"column":32},"end":{"line":45,"column":70}}]},"7":{"loc":{"start":{"line":46,"column":8},"end":{"line":46,"column":100}},"type":"if","locations":[{"start":{"line":46,"column":8},"end":{"line":46,"column":100}},{"start":{},"end":{}}]},"8":{"loc":{"start":{"line":46,"column":12},"end":{"line":46,"column":85}},"type":"binary-expr","locations":[{"start":{"line":46,"column":12},"end":{"line":46,"column":25}},{"start":{"line":46,"column":29},"end":{"line":46,"column":85}}]},"9":{"loc":{"start":{"line":47,"column":8},"end":{"line":49,"column":88}},"type":"if","locations":[{"start":{"line":47,"column":8},"end":{"line":49,"column":88}},{"start":{},"end":{}}]},"10":{"loc":{"start":{"line":47,"column":12},"end":{"line":49,"column":73}},"type":"binary-expr","locations":[{"start":{"line":47,"column":12},"end":{"line":47,"column":22}},{"start":{"line":47,"column":26},"end":{"line":47,"column":87}},{"start":{"line":48,"column":12},"end":{"line":48,"column":72}},{"start":{"line":49,"column":12},"end":{"line":49,"column":73}}]},"11":{"loc":{"start":{"line":92,"column":43},"end":{"line":92,"column":65}},"type":"binary-expr","locations":[{"start":{"line":92,"column":43},"end":{"line":92,"column":59}},{"start":{"line":92,"column":63},"end":{"line":92,"column":65}}]},"12":{"loc":{"start":{"line":93,"column":73},"end":{"line":93,"column":119}},"type":"cond-expr","locations":[{"start":{"line":93,"column":90},"end":{"line":93,"column":112}},{"start":{"line":93,"column":115},"end":{"line":93,"column":119}}]},"13":{"loc":{"start":{"line":135,"column":21},"end":{"line":163,"column":null}},"type":"binary-expr","locations":[{"start":{"line":135,"column":22},"end":{"line":135,"column":38}},{"start":{"line":135,"column":42},"end":{"line":135,"column":55}},{"start":{"line":135,"column":59},"end":{"line":135,"column":69}},{"start":{"line":136,"column":24},"end":{"line":162,"column":null}}]},"14":{"loc":{"start":{"line":138,"column":29},"end":{"line":141,"column":null}},"type":"binary-expr","locations":[{"start":{"line":138,"column":29},"end":{"line":138,"column":39}},{"start":{"line":139,"column":32},"end":{"line":140,"column":null}}]},"15":{"loc":{"start":{"line":143,"column":29},"end":{"line":146,"column":null}},"type":"binary-expr","locations":[{"start":{"line":143,"column":29},"end":{"line":143,"column":45}},{"start":{"line":144,"column":32},"end":{"line":145,"column":null}}]},"16":{"loc":{"start":{"line":145,"column":41},"end":{"line":145,"column":106}},"type":"cond-expr","locations":[{"start":{"line":145,"column":98},"end":{"line":145,"column":100}},{"start":{"line":145,"column":98},"end":{"line":145,"column":106}}]},"17":{"loc":{"start":{"line":145,"column":41},"end":{"line":145,"column":100}},"type":"binary-expr","locations":[{"start":{"line":145,"column":41},"end":{"line":145,"column":100}},{"start":{"line":145,"column":98},"end":{"line":145,"column":100}}]},"18":{"loc":{"start":{"line":148,"column":29},"end":{"line":151,"column":null}},"type":"binary-expr","locations":[{"start":{"line":148,"column":29},"end":{"line":148,"column":42}},{"start":{"line":149,"column":32},"end":{"line":150,"column":null}}]},"19":{"loc":{"start":{"line":169,"column":53},"end":{"line":169,"column":141}},"type":"cond-expr","locations":[{"start":{"line":169,"column":88},"end":{"line":169,"column":112}},{"start":{"line":169,"column":115},"end":{"line":169,"column":141}}]},"20":{"loc":{"start":{"line":173,"column":17},"end":{"line":177,"column":null}},"type":"binary-expr","locations":[{"start":{"line":173,"column":17},"end":{"line":173,"column":24}},{"start":{"line":174,"column":20},"end":{"line":176,"column":null}}]},"21":{"loc":{"start":{"line":181,"column":17},"end":{"line":191,"column":null}},"type":"binary-expr","locations":[{"start":{"line":181,"column":17},"end":{"line":181,"column":22}},{"start":{"line":182,"column":20},"end":{"line":190,"column":null}}]},"22":{"loc":{"start":{"line":195,"column":17},"end":{"line":227,"column":null}},"type":"binary-expr","locations":[{"start":{"line":195,"column":17},"end":{"line":195,"column":25}},{"start":{"line":195,"column":29},"end":{"line":195,"column":35}},{"start":{"line":196,"column":20},"end":{"line":226,"column":null}}]},"23":{"loc":{"start":{"line":197,"column":25},"end":{"line":225,"column":null}},"type":"cond-expr","locations":[{"start":{"line":198,"column":28},"end":{"line":201,"column":null}},{"start":{"line":204,"column":28},"end":{"line":224,"column":null}}]}},"s":{"0":1,"1":1,"2":1,"3":1,"4":1,"5":1,"6":1,"7":1,"8":1,"9":11,"10":11,"11":11,"12":11,"13":11,"14":11,"15":11,"16":11,"17":4,"18":11,"19":4,"20":4,"21":4,"22":4,"23":4,"24":4,"25":0,"26":4,"27":11,"28":14,"29":1,"30":13,"31":0,"32":13,"33":3,"34":10,"35":11,"36":14,"37":11,"38":2,"39":1,"40":14,"41":0,"42":14,"43":1,"44":0,"45":0,"46":0,"47":10,"48":0,"49":0,"50":0},"f":{"0":11,"1":4,"2":4,"3":4,"4":14,"5":14,"6":2,"7":1,"8":14,"9":0,"10":14,"11":1,"12":0,"13":10,"14":0},"b":{"0":[0,0],"1":[0,0],"2":[0,0],"3":[0,0],"4":[0,0],"5":[1,13],"6":[14,2],"7":[0,13],"8":[13,0],"9":[3,10],"10":[13,4,4,3],"11":[11,10],"12":[1,0],"13":[11,10,10,3],"14":[3,2],"15":[3,1],"16":[0,1],"17":[1,1],"18":[3,0],"19":[2,9],"20":[11,4],"21":[11,0],"22":[11,7,7],"23":[6,1]}}
,"C:\\Users\\Santiago\\Documents\\Proyecto Programacion 3er Semestre SA\\promotors_frontend\\src\\utils\\format.ts": {"path":"C:\\Users\\Santiago\\Documents\\Proyecto Programacion 3er Semestre SA\\promotors_frontend\\src\\utils\\format.ts","statementMap":{"0":{"start":{"line":1,"column":30},"end":{"line":8,"column":1}},"1":{"start":{"line":2,"column":4},"end":{"line":7,"column":21}},"2":{"start":{"line":1,"column":13},"end":{"line":1,"column":30}},"3":{"start":{"line":10,"column":26},"end":{"line":16,"column":1}},"4":{"start":{"line":11,"column":4},"end":{"line":15,"column":7}},"5":{"start":{"line":10,"column":13},"end":{"line":10,"column":26}}},"fnMap":{"0":{"name":"(anonymous_0)","decl":{"start":{"line":1,"column":30},"end":{"line":1,"column":31}},"loc":{"start":{"line":1,"column":56},"end":{"line":8,"column":1}}},"1":{"name":"(anonymous_1)","decl":{"start":{"line":10,"column":26},"end":{"line":10,"column":27}},"loc":{"start":{"line":10,"column":57},"end":{"line":16,"column":1}}}},"branchMap":{},"s":{"0":1,"1":3,"2":1,"3":1,"4":0,"5":1},"f":{"0":3,"1":0},"b":{}}
}
