TN:
SF:src\components\motorcycles\MotorcycleCard.tsx
FN:8,MotorcycleCard
FNF:1
FNH:1
FNDA:10,MotorcycleCard
DA:2,1
DA:8,1
DA:9,10
LF:3
LH:3
BRDA:15,0,0,10
BRDA:15,0,1,10
BRDA:43,1,0,10
BRDA:43,1,1,0
BRF:4
BRH:3
end_of_record
TN:
SF:src\components\ui\Badge.tsx
FN:10,(anonymous_0)
FNF:1
FNH:1
FNDA:3,(anonymous_0)
DA:10,1
DA:16,3
DA:25,3
DA:30,3
LF:4
LH:4
BRDA:12,0,0,0
BRDA:13,1,0,0
BRDA:14,2,0,0
BRF:3
BRH:0
end_of_record
TN:
SF:src\components\ui\Button.tsx
FN:13,(anonymous_1)
FNF:1
FNH:1
FNDA:6,(anonymous_1)
DA:2,2
DA:13,2
DA:22,6
DA:23,6
DA:25,6
DA:27,6
DA:35,6
DA:41,6
DA:42,6
DA:44,6
DA:47,6
DA:59,6
DA:60,1
DA:67,5
LF:14
LH:14
BRDA:15,0,0,4
BRDA:16,1,0,5
BRDA:17,2,0,5
BRDA:20,3,0,6
BRDA:21,4,0,6
BRDA:41,5,0,0
BRDA:41,5,1,6
BRDA:42,6,0,1
BRDA:42,6,1,5
BRDA:48,7,0,6
BRDA:48,7,1,1
BRDA:54,8,0,6
BRDA:54,8,1,5
BRDA:54,8,2,0
BRDA:59,9,0,1
BRDA:59,9,1,5
BRDA:59,10,0,6
BRDA:59,10,1,1
BRDA:68,11,0,5
BRDA:68,11,1,5
BRF:20
BRH:18
end_of_record
TN:
SF:src\components\ui\Card.tsx
FN:10,(anonymous_0)
FN:33,(anonymous_1)
FN:39,(anonymous_2)
FN:45,(anonymous_3)
FNF:4
FNH:1
FNDA:12,(anonymous_0)
FNDA:0,(anonymous_1)
FNDA:0,(anonymous_2)
FNDA:0,(anonymous_3)
DA:10,1
DA:16,12
DA:18,12
DA:24,12
DA:26,12
DA:33,1
DA:34,0
DA:39,1
DA:40,0
DA:45,1
DA:46,0
LF:11
LH:8
BRDA:12,0,0,0
BRDA:13,1,0,12
BRDA:14,2,0,12
BRDA:24,3,0,0
BRDA:24,3,1,12
BRDA:33,4,0,0
BRDA:39,5,0,0
BRDA:45,6,0,0
BRF:8
BRH:3
end_of_record
TN:
SF:src\components\ui\Input.tsx
FN:10,(anonymous_1)
FNF:1
FNH:1
FNDA:16,(anonymous_1)
DA:10,2
DA:16,16
DA:17,16
DA:19,16
DA:21,16
LF:5
LH:5
BRDA:14,0,0,16
BRDA:15,1,0,16
BRDA:19,2,0,16
BRDA:19,2,1,15
BRDA:22,3,0,16
BRDA:22,3,1,0
BRDA:23,4,0,16
BRDA:23,4,1,12
BRDA:29,5,0,16
BRDA:29,5,1,11
BRDA:38,6,0,11
BRDA:38,6,1,5
BRDA:43,7,0,1
BRDA:43,7,1,15
BRDA:48,8,0,16
BRDA:48,8,1,1
BRF:16
BRH:15
end_of_record
TN:
SF:src\components\ui\Modal.tsx
FN:12,(anonymous_0)
FN:21,(anonymous_1)
FN:22,(anonymous_2)
FN:31,(anonymous_3)
FNF:4
FNH:4
FNDA:5,(anonymous_0)
FNDA:5,(anonymous_1)
FNDA:1,(anonymous_2)
FNDA:5,(anonymous_3)
DA:1,1
DA:2,1
DA:12,1
DA:21,5
DA:22,5
DA:23,1
DA:26,5
DA:27,4
DA:28,4
DA:31,5
DA:32,5
DA:33,5
DA:37,5
DA:39,4
DA:46,4
LF:15
LH:15
BRDA:17,0,0,5
BRDA:23,1,0,1
BRDA:23,1,1,0
BRDA:26,2,0,4
BRDA:26,2,1,1
BRDA:37,3,0,1
BRDA:37,3,1,4
BRF:7
BRH:6
end_of_record
TN:
SF:src\pages\admin\AdminDashboard.tsx
FN:14,AdminDashboard
FN:24,(anonymous_8)
FN:28,(anonymous_9)
FN:28,(anonymous_10)
FNF:4
FNH:4
FNDA:6,AdminDashboard
FNDA:3,(anonymous_8)
FNDA:3,(anonymous_9)
FNDA:3,(anonymous_10)
DA:1,1
DA:2,1
DA:3,1
DA:4,1
DA:14,1
DA:15,6
DA:22,6
DA:24,6
DA:25,3
DA:28,6
DA:29,3
DA:30,3
DA:31,3
DA:33,3
DA:43,0
DA:45,3
DA:49,6
DA:50,3
DA:57,3
LF:19
LH:18
BRDA:49,0,0,3
BRDA:49,0,1,3
BRDA:117,1,0,1
BRDA:117,1,1,2
BRF:4
BRH:4
end_of_record
TN:
SF:src\pages\public\Contact.tsx
FN:4,Contact
FN:15,(anonymous_8)
FN:22,(anonymous_9)
FN:22,(anonymous_10)
FN:113,(anonymous_11)
FNF:5
FNH:4
FNDA:15,Contact
FNDA:8,(anonymous_8)
FNDA:2,(anonymous_9)
FNDA:2,(anonymous_10)
FNDA:0,(anonymous_11)
DA:1,1
DA:2,1
DA:4,1
DA:5,15
DA:11,15
DA:12,15
DA:13,15
DA:15,15
DA:16,8
DA:22,15
DA:23,2
DA:24,2
DA:25,2
DA:26,2
DA:28,2
DA:29,2
DA:30,1
DA:31,1
DA:33,1
DA:34,1
DA:36,2
DA:40,15
DA:113,0
LF:23
LH:22
BRDA:101,0,0,1
BRDA:101,0,1,14
BRDA:185,1,0,14
BRDA:185,1,1,1
BRDA:194,2,0,2
BRDA:194,2,1,12
BRDA:196,3,0,2
BRDA:196,3,1,12
BRF:8
BRH:8
end_of_record
TN:
SF:src\pages\public\MotorcyclesCatalog.tsx
FN:11,MotorcyclesCatalog
FN:22,(anonymous_9)
FN:26,(anonymous_10)
FN:26,(anonymous_11)
FN:44,(anonymous_12)
FN:54,(anonymous_13)
FN:77,(anonymous_14)
FN:93,(anonymous_15)
FN:97,(anonymous_16)
FN:117,(anonymous_17)
FN:121,(anonymous_18)
FN:145,(anonymous_19)
FN:154,(anonymous_20)
FN:199,(anonymous_21)
FN:215,(anonymous_22)
FNF:15
FNH:12
FNDA:11,MotorcyclesCatalog
FNDA:4,(anonymous_9)
FNDA:4,(anonymous_10)
FNDA:4,(anonymous_11)
FNDA:14,(anonymous_12)
FNDA:14,(anonymous_13)
FNDA:2,(anonymous_14)
FNDA:1,(anonymous_15)
FNDA:14,(anonymous_16)
FNDA:0,(anonymous_17)
FNDA:14,(anonymous_18)
FNDA:1,(anonymous_19)
FNDA:0,(anonymous_20)
FNDA:10,(anonymous_21)
FNDA:0,(anonymous_22)
DA:1,1
DA:2,1
DA:3,1
DA:5,1
DA:6,1
DA:7,1
DA:8,1
DA:9,1
DA:11,1
DA:12,11
DA:13,11
DA:14,11
DA:15,11
DA:18,11
DA:19,11
DA:20,11
DA:22,11
DA:23,4
DA:26,11
DA:27,4
DA:28,4
DA:29,4
DA:34,4
DA:35,4
DA:37,0
DA:39,4
DA:44,11
DA:45,14
DA:46,13
DA:47,13
DA:49,3
DA:50,10
DA:54,14
DA:56,11
DA:77,2
DA:93,1
DA:98,14
DA:117,0
DA:122,14
DA:145,1
DA:155,0
DA:156,0
DA:157,0
DA:200,10
DA:216,0
DA:217,0
DA:218,0
LF:47
LH:39
BRDA:37,0,0,0
BRDA:37,0,1,0
BRDA:37,1,0,0
BRDA:37,1,1,0
BRDA:37,2,0,0
BRDA:37,2,1,0
BRDA:37,3,0,0
BRDA:37,3,1,0
BRDA:37,4,0,0
BRDA:37,4,1,0
BRDA:45,5,0,1
BRDA:45,5,1,13
BRDA:45,6,0,14
BRDA:45,6,1,2
BRDA:46,7,0,0
BRDA:46,7,1,13
BRDA:46,8,0,13
BRDA:46,8,1,0
BRDA:47,9,0,3
BRDA:47,9,1,10
BRDA:47,10,0,13
BRDA:47,10,1,4
BRDA:47,10,2,4
BRDA:47,10,3,3
BRDA:92,11,0,11
BRDA:92,11,1,10
BRDA:93,12,0,1
BRDA:93,12,1,0
BRDA:135,13,0,11
BRDA:135,13,1,10
BRDA:135,13,2,10
BRDA:135,13,3,3
BRDA:138,14,0,3
BRDA:138,14,1,2
BRDA:143,15,0,3
BRDA:143,15,1,1
BRDA:145,16,0,0
BRDA:145,16,1,1
BRDA:145,17,0,1
BRDA:145,17,1,1
BRDA:148,18,0,3
BRDA:148,18,1,0
BRDA:169,19,0,2
BRDA:169,19,1,9
BRDA:173,20,0,11
BRDA:173,20,1,4
BRDA:181,21,0,11
BRDA:181,21,1,0
BRDA:195,22,0,11
BRDA:195,22,1,7
BRDA:195,22,2,7
BRDA:197,23,0,6
BRDA:197,23,1,1
BRF:53
BRH:37
end_of_record
TN:
SF:src\utils\format.ts
FN:1,(anonymous_0)
FN:10,(anonymous_1)
FNF:2
FNH:1
FNDA:3,(anonymous_0)
FNDA:0,(anonymous_1)
DA:1,1
DA:2,3
DA:10,1
DA:11,0
LF:4
LH:3
BRF:0
BRH:0
end_of_record
